Tue Mar 18 21:56:56 2025
 [INFO] Game initialized with board size 3x3
Tue Mar 18 21:56:56 2025
 [INFO] Game started
Tue Mar 18 21:57:00 2025
 [INFO] Revealed cell at (0, 0)
Tue Mar 18 21:57:07 2025
 [INFO] Revealed cell at (2, 1)
Tue Mar 18 21:57:09 2025
 [INFO] Revealed cell at (2, 0)
Tue Mar 18 21:57:12 2025
 [INFO] Revealed cell at (2, 2)
Tue Mar 18 21:57:17 2025
 [INFO] Revealed cell at (1, 0)
Tue Mar 18 21:57:19 2025
 [INFO] Revealed cell at (1, 1)
Tue Mar 18 21:57:22 2025
 [INFO] Revealed cell at (1, 2)
Tue Mar 18 21:57:30 2025
 [INFO] Revealed cell at (0, 1)
Tue Mar 18 21:57:30 2025
 [INFO] Player has won the game!
